     1                                  ;--------------------------------------------------------------------------------------------
     2                                  ;
     3                                  ;				Using ASM function in 'C'
     4                                  ;				
     5                                  ;
     6                                  ;--------------------------------------------------------------------------------------------
     7                                  
     8                                  global sum
     9                                  
    10                                  section .code
    11                                  
    12                                  sum:
    13 00000000 55                      	push rbp
    14 00000001 4889E5                  	mov rbp, rsp
    15 00000004 488B4518                	mov rax, [rbp + 24]
    16 00000008 488B5D20                	mov rbx, [rbp + 32]
    17                                  
    18 0000000C 4801D8                  	add rax, rbx
    19                                  
    20 0000000F 5D                      	pop rbp
    21 00000010 C3                      ret
    22                                  
    23                                  	
    24                                  
    25                                  
    26                                  
    27                                  
